2018-03-23 09:07:02 第12周 Friday/5      Some of the pod are not in the Running
2018-03-23 09:07:02 第12周 Friday/5      Some of the pod are not in the Running
2018-03-23 09:08:46 第12周 Friday/5      Some of the pod are not in the Running
2018-03-23 09:08:46 第12周 Friday/5      Some of the pod are not in the Running
2018-03-23 09:32:27 第12周 Friday/5      Some of the pod are not in the Running
2018-03-23 09:32:27 第12周 Friday/5      Some of the pod are still in the Running
2018-03-23 09:33:28 第12周 Friday/5      Some of the pod are not in the Running
2018-03-23 09:33:33 第12周 Friday/5      Some of the pod are still in the Running
2018-03-23 09:54:25 第12周 Friday/5      Some of the pod are not in the Running
2018-03-23 09:54:30 第12周 Friday/5      Some of the pod are still not in the Running
2018-03-23 10:13:29 第12周 Friday/5      Some of the pod are not in the Running
2018-03-23 10:13:34 第12周 Friday/5      Some of the pod are still not in the Running
2018-03-23 10:13:55 第12周 Friday/5      Some of the pod are not in the Running
2018-03-23 10:14:00 第12周 Friday/5      Some of the pod are still not in the Running
2018-03-23 10:15:51 第12周 Friday/5      Some of the pod are not in the Running
2018-03-23 10:15:56 第12周 Friday/5      Some of the pod are still not in the Running
2018-03-23 10:19:50 第12周 Friday/5      Some of the pod are not in the Running
2018-03-23 10:19:55 第12周 Friday/5      Some of the pod are still not in the Running
2018-03-23 10:20:50 第12周 Friday/5      Some of the pod are not in the Running
2018-03-23 10:20:55 第12周 Friday/5      Some of the pod are still not in the Running
2018-03-23 10:21:32 第12周 Friday/5      Some of the pod are not in the Running
2018-03-23 10:21:37 第12周 Friday/5      Some of the pod are still not in the Running
2018-03-23 10:25:43 第12周 Friday/5      Some of the pod are not in the Running
2018-03-23 10:25:48 第12周 Friday/5      Some of the pod are still not in the Running
2018-03-23 10:27:42 第12周 Friday/5      Some of the pod error
2018-03-23 10:27:47 第12周 Friday/5      Some of the pod still error
2018-03-23 10:45:08 第12周 Friday/5      Some of the pod error
2018-03-23 10:45:13 第12周 Friday/5      Some of the pod still error
2018-03-23 11:38:57 第12周 Friday/5      Some of the pod error
2018-03-23 11:39:02 第12周 Friday/5      Some of the pod still error
2018-03-23 11:41:22 第12周 Friday/5      Some of the pod error
2018-03-23 11:41:27 第12周 Friday/5      Some of the pod still error
2018-03-23 11:41:40 第12周 Friday/5      Some of the pod error
2018-03-23 11:41:45 第12周 Friday/5      Some of the pod still error
2018-03-23 11:47:12 第12周 Friday/5      Some of the pod error
2018-03-23 11:47:17 第12周 Friday/5      Some of the pod still error
2018-03-23 11:49:06 第12周 Friday/5      Some of the pod error
2018-03-23 11:49:11 第12周 Friday/5      Some of the pod still error
2018-03-23 11:50:05 第12周 Friday/5      Some of the pod error
2018-03-23 11:50:10 第12周 Friday/5      Some of the pod still error
2018-03-23 11:53:24 第12周 Friday/5      Some of the pod error
2018-03-23 11:53:29 第12周 Friday/5      Some of the pod still error
2018-03-23 12:36:12 第12周 Friday/5      Some of the pod error
2018-03-23 12:36:17 第12周 Friday/5      Some of the pod still error
2018-03-23 12:38:01 第12周 Friday/5      Some of the pod error
2018-03-23 12:38:06 第12周 Friday/5      Some of the pod still error
2018-03-23 12:55:58 第12周 Friday/5      Some of the pod error
2018-03-23 12:56:03 第12周 Friday/5      Some of the pod still error
2018-03-23 12:57:12 第12周 Friday/5      Some of the pod error
2018-03-23 12:57:17 第12周 Friday/5      Some of the pod still error
2018-03-23 12:58:39 第12周 Friday/5      Some of the pod error
2018-03-23 12:58:44 第12周 Friday/5      Some of the pod still error
2018-03-23 13:00:36 第12周 Friday/5      Some of the pod error
2018-03-23 13:00:41 第12周 Friday/5      Some of the pod still error
2018-03-23 13:01:15 第12周 Friday/5      Some of the pod error
2018-03-23 13:01:20 第12周 Friday/5      Some of the pod still error
2018-03-23 13:14:13 第12周 Friday/5      Some of the pod error
2018-03-23 13:14:18 第12周 Friday/5      Some of the pod still error
2018-03-23 13:20:12 第12周 Friday/5      Some of the pod error
2018-03-23 13:20:17 第12周 Friday/5      Some of the pod still error
2018-03-23 13:22:31 第12周 Friday/5      Some of the pod error
2018-03-23 13:22:36 第12周 Friday/5      Some of the pod still error
2018-03-23 13:48:23 第12周 Friday/5      Some of the pod error
2018-03-23 13:48:28 第12周 Friday/5      Some of the pod still error
2018-03-23 14:06:38 第12周 Friday/5      Some of the pod error
2018-03-23 14:06:43 第12周 Friday/5      Some of the pod still error
2018-03-23 14:07:43 第12周 Friday/5      Some of the pod error
2018-03-23 14:07:48 第12周 Friday/5      Some of the pod still error
2018-03-23 14:13:03 第12周 Friday/5      Some of the pod error
2018-03-23 14:13:08 第12周 Friday/5      Some of the pod still error
2018-03-23 14:14:26 第12周 Friday/5      Some of the pod error
2018-03-23 14:14:31 第12周 Friday/5      Some of the pod still error
2018-03-23 14:15:14 第12周 Friday/5      Some of the pod error
2018-03-23 14:15:19 第12周 Friday/5      Some of the pod still error
2018-03-23 14:21:20 第12周 Friday/5      Some of the pod error
2018-03-23 14:21:25 第12周 Friday/5      Some of the pod still error
2018-03-23 14:23:24 第12周 Friday/5      Some of the pod error
2018-03-23 14:23:29 第12周 Friday/5      Some of the pod still error
2018-03-23 14:25:52 第12周 Friday/5      Some of the pod error
2018-03-23 14:25:57 第12周 Friday/5      Some of the pod still error
2018-03-23 14:26:53 第12周 Friday/5      Some of the pod error
2018-03-23 14:26:58 第12周 Friday/5      Some of the pod still error
2018-03-23 14:27:37 第12周 Friday/5      Some of the pod error
2018-03-23 14:27:42 第12周 Friday/5      Some of the pod still error
2018-03-23 14:31:43 第12周 Friday/5      Some of the pod error
2018-03-23 14:31:48 第12周 Friday/5      Some of the pod still error
2018-03-23 14:32:47 第12周 Friday/5      Some of the pod error
2018-03-23 14:32:52 第12周 Friday/5      Some of the pod still error
2018-03-23 14:34:16 第12周 Friday/5      Some of the pod error
2018-03-23 14:34:21 第12周 Friday/5      Some of the pod still error
2018-03-23 14:35:05 第12周 Friday/5      Some of the pod error
2018-03-23 14:35:10 第12周 Friday/5      Some of the pod still error
2018-03-23 14:35:54 第12周 Friday/5      Some of the pod error
2018-03-23 14:35:59 第12周 Friday/5      Some of the pod still error
2018-03-23 14:40:04 第12周 Friday/5      Some of the pod error
2018-03-23 14:40:09 第12周 Friday/5      Some of the pod still error
2018-03-23 14:49:06 第12周 Friday/5      Some of the pod error
2018-03-23 14:51:06 第12周 Friday/5      Some of the pod still error
2018-03-23 14:54:10 第12周 Friday/5      Some of the pod error
2018-03-23 14:54:40 第12周 Friday/5      Some of the pod still error
2018-03-23 14:55:52 第12周 Friday/5      Some of the pod error
2018-03-23 14:56:52 第12周 Friday/5      Some of the pod still error
2018-03-23 15:17:35 第12周 Friday/5      Some of the pod error
2018-03-23 15:17:40 第12周 Friday/5      Some of the pod still error
2018-03-23 15:18:41 第12周 Friday/5      Some of the pod error
2018-03-23 15:18:46 第12周 Friday/5      Some of the pod still error
2018-03-23 15:19:12 第12周 Friday/5      Some of the pod error
2018-03-23 15:19:17 第12周 Friday/5      Some of the pod still error
2018-03-23 15:21:01 第12周 Friday/5      Some of the pod error
2018-03-23 15:21:06 第12周 Friday/5      Some of the pod still error
2018-03-23 15:22:12 第12周 Friday/5      Some of the pod error
2018-03-23 15:22:17 第12周 Friday/5      Some of the pod still error
2018-03-23 15:24:11 第12周 Friday/5      Some of the pod error
2018-03-23 15:24:16 第12周 Friday/5      Some of the pod still error
2018-03-23 15:29:33 第12周 Friday/5      Some of the pod error
2018-03-23 15:29:38 第12周 Friday/5      Some of the pod still error
2018-03-23 15:31:14 第12周 Friday/5      Some of the pod error
2018-03-23 15:31:19 第12周 Friday/5      Some of the pod still error
2018-03-23 15:32:57 第12周 Friday/5      Some of the pod error
2018-03-23 15:33:02 第12周 Friday/5      Some of the pod still error
2018-03-23 15:40:50 第12周 Friday/5      Some of the pod error
2018-03-23 15:40:55 第12周 Friday/5      Some of the pod still error
2018-03-23 15:41:12 第12周 Friday/5      Some of the pod error
2018-03-23 15:41:17 第12周 Friday/5      Some of the pod still error
2018-03-23 15:45:16 第12周 Friday/5      Some of the pod error
2018-03-23 15:45:21 第12周 Friday/5      Some of the pod still error
2018-03-23 15:45:57 第12周 Friday/5      Some of the pod error
2018-03-23 15:46:02 第12周 Friday/5      Some of the pod still error
2018-03-23 15:53:37 第12周 Friday/5      Some of the pod error
2018-03-23 15:53:42 第12周 Friday/5      Some of the pod still error
2018-03-23 15:56:53 第12周 Friday/5      Some of the pod error
2018-03-23 15:56:58 第12周 Friday/5      Some of the pod still error
2018-03-23 16:00:54 第12周 Friday/5      Some of the pod error
2018-03-23 16:00:59 第12周 Friday/5      Some of the pod still error
2018-03-23 16:06:47 第12周 Friday/5      Some of the pod error
2018-03-23 16:06:52 第12周 Friday/5      Some of the pod still error
2018-03-23 16:07:34 第12周 Friday/5      Some of the pod error
2018-03-23 16:07:39 第12周 Friday/5      Some of the pod still error
2018-03-23 16:36:13 第12周 Friday/5      Some of the pod error
2018-03-23 16:36:18 第12周 Friday/5      Some of the pod still error
2018-03-23 16:37:30 第12周 Friday/5      Some of the pod error
2018-03-23 16:37:35 第12周 Friday/5      Some of the pod still error
2018-03-23 16:38:30 第12周 Friday/5      Some of the pod error
2018-03-23 16:38:35 第12周 Friday/5      Some of the pod still error
2018-03-23 16:42:48 第12周 Friday/5      Some of the pod error
2018-03-23 16:42:54 第12周 Friday/5      Some of the pod still error
2018-03-23 18:38:17 第12周 Friday/5      Some of the pod error
2018-03-23 18:38:22 第12周 Friday/5      Some of the pod still error
