connect: ('smtp.163.com', 25)
connect: (25, 'smtp.163.com')
reply: '220 163.com Anti-spam GT for Coremail System (163com[20141201])\r\n'
reply: retcode (220); Msg: 163.com Anti-spam GT for Coremail System (163com[20141201])
connect: 163.com Anti-spam GT for Coremail System (163com[20141201])
send: 'ehlo localhost.localdomain\r\n'
reply: '250-mail\r\n'
reply: '250-PIPELINING\r\n'
reply: '250-AUTH LOGIN PLAIN\r\n'
reply: '250-AUTH=LOGIN PLAIN\r\n'
reply: '250-coremail 1Uxr2xKj7kG0xkI17xGrU7I0s8FY2U3Uj8Cz28x1UUUUU7Ic2I0Y2Ur0jDmmUCa0xDrUUUUj\r\n'
reply: '250-STARTTLS\r\n'
reply: '250 8BITMIME\r\n'
reply: retcode (250); Msg: mail
PIPELINING
AUTH LOGIN PLAIN
AUTH=LOGIN PLAIN
coremail 1Uxr2xKj7kG0xkI17xGrU7I0s8FY2U3Uj8Cz28x1UUUUU7Ic2I0Y2Ur0jDmmUCa0xDrUUUUj
STARTTLS
8BITMIME
send: 'AUTH PLAIN AGNpMTIzd2Vic2VydmVyQDE2My5jb20AY2kxMjN3ZWJzZXJ2ZXIxMg==\r\n'
reply: '235 Authentication successful\r\n'
reply: retcode (235); Msg: Authentication successful
send: 'mail FROM:<ci123webserver@163.com>\r\n'
reply: '250 Mail OK\r\n'
reply: retcode (250); Msg: Mail OK
send: 'rcpt TO:<cjy@corp-ci.com>\r\n'
reply: '250 Mail OK\r\n'
reply: retcode (250); Msg: Mail OK
send: 'data\r\n'
reply: '354 End data with <CR><LF>.<CR><LF>\r\n'
reply: retcode (354); Msg: End data with <CR><LF>.<CR><LF>
data: (354, 'End data with <CR><LF>.<CR><LF>')
send: 'Content-Type: multipart/mixed; boundary="===============8635937775070185175=="\r\nMIME-Version: 1.0\r\nFrom: ci123webserver@163.com\r\nTo: cjy@corp-ci.com\r\nSubject: =?utf-8?b?MjAxOC0wMy0yNuWfn+WQjeS/oeaBrw==?=\r\n\r\n--===============8635937775070185175==\r\nContent-Type: text/html; charset="utf-8"\r\nMIME-Version: 1.0\r\nContent-Transfer-Encoding: base64\r\n\r\n5pio5pel5peg5Z+f5ZCN5L+u5pS55L+h5oGv\r\n\r\n--===============8635937775070185175==--\r\n.\r\n'
reply: '250 Mail OK queued as smtp10,DsCowAD3A03qmblaL5cpMA--.42442S2 1522113002\r\n'
reply: retcode (250); Msg: Mail OK queued as smtp10,DsCowAD3A03qmblaL5cpMA--.42442S2 1522113002
data: (250, 'Mail OK queued as smtp10,DsCowAD3A03qmblaL5cpMA--.42442S2 1522113002')
Table 'APACHELOG' already exists
Table 'DOMAIN' already exists
 domain change info
There is no delete domain info
There is no new domain
